<?xml version="1.0" encoding="UTF-8"?>
<testsuite xmlns:xsi="http://www.w3.org/2001/XMLSchema-instance" xsi:noNamespaceSchemaLocation="https://maven.apache.org/surefire/maven-surefire-plugin/xsd/surefire-test-report.xsd" name="com.assignment.LightningTalks.LightningTalksApplicationTests" time="4.901" tests="1" errors="1" skipped="0" failures="0">
  <properties>
    <property name="sun.desktop" value="windows"/>
    <property name="awt.toolkit" value="sun.awt.windows.WToolkit"/>
    <property name="file.encoding.pkg" value="sun.io"/>
    <property name="java.specification.version" value="1.8"/>
    <property name="sun.cpu.isalist" value="amd64"/>
    <property name="sun.jnu.encoding" value="Cp1252"/>
    <property name="java.class.path" value="C:\Chetan\Software\Study Material\SpringBoot\LightningTalks\target\test-classes;C:\Chetan\Software\Study Material\SpringBoot\LightningTalks\target\classes;C:\Users\New User\.m2\repository\org\springframework\boot\spring-boot-starter-data-rest\2.1.9.RELEASE\spring-boot-starter-data-rest-2.1.9.RELEASE.jar;C:\Users\New User\.m2\repository\org\springframework\data\spring-data-rest-webmvc\3.1.11.RELEASE\spring-data-rest-webmvc-3.1.11.RELEASE.jar;C:\Users\New User\.m2\repository\org\springframework\data\spring-data-rest-core\3.1.11.RELEASE\spring-data-rest-core-3.1.11.RELEASE.jar;C:\Users\New User\.m2\repository\org\springframework\hateoas\spring-hateoas\0.25.2.RELEASE\spring-hateoas-0.25.2.RELEASE.jar;C:\Users\New User\.m2\repository\org\springframework\data\spring-data-commons\2.1.11.RELEASE\spring-data-commons-2.1.11.RELEASE.jar;C:\Users\New User\.m2\repository\org\springframework\plugin\spring-plugin-core\1.2.0.RELEASE\spring-plugin-core-1.2.0.RELEASE.jar;C:\Users\New User\.m2\repository\org\atteo\evo-inflector\1.2.2\evo-inflector-1.2.2.jar;C:\Users\New User\.m2\repository\com\fasterxml\jackson\core\jackson-databind\2.9.9.3\jackson-databind-2.9.9.3.jar;C:\Users\New User\.m2\repository\com\fasterxml\jackson\core\jackson-core\2.9.9\jackson-core-2.9.9.jar;C:\Users\New User\.m2\repository\com\fasterxml\jackson\core\jackson-annotations\2.9.0\jackson-annotations-2.9.0.jar;C:\Users\New User\.m2\repository\org\springframework\boot\spring-boot-starter-web\2.1.9.RELEASE\spring-boot-starter-web-2.1.9.RELEASE.jar;C:\Users\New User\.m2\repository\org\springframework\boot\spring-boot-starter\2.1.9.RELEASE\spring-boot-starter-2.1.9.RELEASE.jar;C:\Users\New User\.m2\repository\org\springframework\boot\spring-boot\2.1.9.RELEASE\spring-boot-2.1.9.RELEASE.jar;C:\Users\New User\.m2\repository\org\springframework\boot\spring-boot-autoconfigure\2.1.9.RELEASE\spring-boot-autoconfigure-2.1.9.RELEASE.jar;C:\Users\New User\.m2\repository\org\springframework\boot\spring-boot-starter-logging\2.1.9.RELEASE\spring-boot-starter-logging-2.1.9.RELEASE.jar;C:\Users\New User\.m2\repository\ch\qos\logback\logback-classic\1.2.3\logback-classic-1.2.3.jar;C:\Users\New User\.m2\repository\ch\qos\logback\logback-core\1.2.3\logback-core-1.2.3.jar;C:\Users\New User\.m2\repository\org\apache\logging\log4j\log4j-to-slf4j\2.11.2\log4j-to-slf4j-2.11.2.jar;C:\Users\New User\.m2\repository\org\apache\logging\log4j\log4j-api\2.11.2\log4j-api-2.11.2.jar;C:\Users\New User\.m2\repository\org\slf4j\jul-to-slf4j\1.7.28\jul-to-slf4j-1.7.28.jar;C:\Users\New User\.m2\repository\javax\annotation\javax.annotation-api\1.3.2\javax.annotation-api-1.3.2.jar;C:\Users\New User\.m2\repository\org\yaml\snakeyaml\1.23\snakeyaml-1.23.jar;C:\Users\New User\.m2\repository\org\springframework\boot\spring-boot-starter-json\2.1.9.RELEASE\spring-boot-starter-json-2.1.9.RELEASE.jar;C:\Users\New User\.m2\repository\com\fasterxml\jackson\datatype\jackson-datatype-jdk8\2.9.9\jackson-datatype-jdk8-2.9.9.jar;C:\Users\New User\.m2\repository\com\fasterxml\jackson\datatype\jackson-datatype-jsr310\2.9.9\jackson-datatype-jsr310-2.9.9.jar;C:\Users\New User\.m2\repository\com\fasterxml\jackson\module\jackson-module-parameter-names\2.9.9\jackson-module-parameter-names-2.9.9.jar;C:\Users\New User\.m2\repository\org\springframework\boot\spring-boot-starter-tomcat\2.1.9.RELEASE\spring-boot-starter-tomcat-2.1.9.RELEASE.jar;C:\Users\New User\.m2\repository\org\apache\tomcat\embed\tomcat-embed-core\9.0.26\tomcat-embed-core-9.0.26.jar;C:\Users\New User\.m2\repository\org\apache\tomcat\embed\tomcat-embed-el\9.0.26\tomcat-embed-el-9.0.26.jar;C:\Users\New User\.m2\repository\org\apache\tomcat\embed\tomcat-embed-websocket\9.0.26\tomcat-embed-websocket-9.0.26.jar;C:\Users\New User\.m2\repository\org\hibernate\validator\hibernate-validator\6.0.17.Final\hibernate-validator-6.0.17.Final.jar;C:\Users\New User\.m2\repository\javax\validation\validation-api\2.0.1.Final\validation-api-2.0.1.Final.jar;C:\Users\New User\.m2\repository\org\jboss\logging\jboss-logging\3.3.3.Final\jboss-logging-3.3.3.Final.jar;C:\Users\New User\.m2\repository\com\fasterxml\classmate\1.4.0\classmate-1.4.0.jar;C:\Users\New User\.m2\repository\org\springframework\spring-web\5.1.10.RELEASE\spring-web-5.1.10.RELEASE.jar;C:\Users\New User\.m2\repository\org\springframework\spring-beans\5.1.10.RELEASE\spring-beans-5.1.10.RELEASE.jar;C:\Users\New User\.m2\repository\org\springframework\spring-webmvc\5.1.10.RELEASE\spring-webmvc-5.1.10.RELEASE.jar;C:\Users\New User\.m2\repository\org\springframework\spring-aop\5.1.10.RELEASE\spring-aop-5.1.10.RELEASE.jar;C:\Users\New User\.m2\repository\org\springframework\spring-context\5.1.10.RELEASE\spring-context-5.1.10.RELEASE.jar;C:\Users\New User\.m2\repository\org\springframework\spring-expression\5.1.10.RELEASE\spring-expression-5.1.10.RELEASE.jar;C:\Users\New User\.m2\repository\mysql\mysql-connector-java\8.0.17\mysql-connector-java-8.0.17.jar;C:\Users\New User\.m2\repository\org\springframework\boot\spring-boot-starter-test\2.1.9.RELEASE\spring-boot-starter-test-2.1.9.RELEASE.jar;C:\Users\New User\.m2\repository\org\springframework\boot\spring-boot-test\2.1.9.RELEASE\spring-boot-test-2.1.9.RELEASE.jar;C:\Users\New User\.m2\repository\org\springframework\boot\spring-boot-test-autoconfigure\2.1.9.RELEASE\spring-boot-test-autoconfigure-2.1.9.RELEASE.jar;C:\Users\New User\.m2\repository\com\jayway\jsonpath\json-path\2.4.0\json-path-2.4.0.jar;C:\Users\New User\.m2\repository\net\minidev\json-smart\2.3\json-smart-2.3.jar;C:\Users\New User\.m2\repository\net\minidev\accessors-smart\1.2\accessors-smart-1.2.jar;C:\Users\New User\.m2\repository\org\ow2\asm\asm\5.0.4\asm-5.0.4.jar;C:\Users\New User\.m2\repository\junit\junit\4.12\junit-4.12.jar;C:\Users\New User\.m2\repository\org\assertj\assertj-core\3.11.1\assertj-core-3.11.1.jar;C:\Users\New User\.m2\repository\org\mockito\mockito-core\2.23.4\mockito-core-2.23.4.jar;C:\Users\New User\.m2\repository\net\bytebuddy\byte-buddy\1.9.16\byte-buddy-1.9.16.jar;C:\Users\New User\.m2\repository\net\bytebuddy\byte-buddy-agent\1.9.16\byte-buddy-agent-1.9.16.jar;C:\Users\New User\.m2\repository\org\objenesis\objenesis\2.6\objenesis-2.6.jar;C:\Users\New User\.m2\repository\org\hamcrest\hamcrest-core\1.3\hamcrest-core-1.3.jar;C:\Users\New User\.m2\repository\org\hamcrest\hamcrest-library\1.3\hamcrest-library-1.3.jar;C:\Users\New User\.m2\repository\org\skyscreamer\jsonassert\1.5.0\jsonassert-1.5.0.jar;C:\Users\New User\.m2\repository\com\vaadin\external\google\android-json\0.0.20131108.vaadin1\android-json-0.0.20131108.vaadin1.jar;C:\Users\New User\.m2\repository\org\springframework\spring-core\5.1.10.RELEASE\spring-core-5.1.10.RELEASE.jar;C:\Users\New User\.m2\repository\org\springframework\spring-jcl\5.1.10.RELEASE\spring-jcl-5.1.10.RELEASE.jar;C:\Users\New User\.m2\repository\org\springframework\spring-test\5.1.10.RELEASE\spring-test-5.1.10.RELEASE.jar;C:\Users\New User\.m2\repository\org\xmlunit\xmlunit-core\2.6.3\xmlunit-core-2.6.3.jar;C:\Users\New User\.m2\repository\org\hibernate\hibernate-core\3.6.10.Final\hibernate-core-3.6.10.Final.jar;C:\Users\New User\.m2\repository\antlr\antlr\2.7.7\antlr-2.7.7.jar;C:\Users\New User\.m2\repository\commons-collections\commons-collections\3.1\commons-collections-3.1.jar;C:\Users\New User\.m2\repository\dom4j\dom4j\1.6.1\dom4j-1.6.1.jar;C:\Users\New User\.m2\repository\org\hibernate\hibernate-commons-annotations\3.2.0.Final\hibernate-commons-annotations-3.2.0.Final.jar;C:\Users\New User\.m2\repository\org\hibernate\javax\persistence\hibernate-jpa-2.0-api\1.0.1.Final\hibernate-jpa-2.0-api-1.0.1.Final.jar;C:\Users\New User\.m2\repository\javax\transaction\jta\1.1\jta-1.1.jar;C:\Users\New User\.m2\repository\org\slf4j\slf4j-api\1.7.28\slf4j-api-1.7.28.jar;C:\Users\New User\.m2\repository\org\springframework\data\spring-data-jpa\1.0.0.RELEASE\spring-data-jpa-1.0.0.RELEASE.jar;C:\Users\New User\.m2\repository\org\springframework\data\spring-data-commons-core\1.1.0.RELEASE\spring-data-commons-core-1.1.0.RELEASE.jar;C:\Users\New User\.m2\repository\org\springframework\spring-tx\5.1.10.RELEASE\spring-tx-5.1.10.RELEASE.jar;C:\Users\New User\.m2\repository\org\springframework\spring-orm\5.1.10.RELEASE\spring-orm-5.1.10.RELEASE.jar;C:\Users\New User\.m2\repository\org\springframework\spring-jdbc\5.1.10.RELEASE\spring-jdbc-5.1.10.RELEASE.jar;C:\Users\New User\.m2\repository\org\slf4j\jcl-over-slf4j\1.7.28\jcl-over-slf4j-1.7.28.jar;C:\Users\New User\.m2\repository\org\aspectj\aspectjrt\1.9.4\aspectjrt-1.9.4.jar;"/>
    <property name="java.vm.vendor" value="Oracle Corporation"/>
    <property name="sun.arch.data.model" value="64"/>
    <property name="user.variant" value=""/>
    <property name="java.vendor.url" value="http://java.oracle.com/"/>
    <property name="user.timezone" value="Pacific/Auckland"/>
    <property name="java.vm.specification.version" value="1.8"/>
    <property name="os.name" value="Windows 10"/>
    <property name="user.country" value="NZ"/>
    <property name="sun.java.launcher" value="SUN_STANDARD"/>
    <property name="sun.boot.library.path" value="C:\Program Files\Java\jdk1.8.0_221\jre\bin"/>
    <property name="sun.java.command" value="C:\Users\NEWUSE~1\AppData\Local\Temp\surefire3063462554931814578\surefirebooter4041036233788337865.jar C:\Users\New User\AppData\Local\Temp\surefire3063462554931814578 2019-10-06T11-13-38_252-jvmRun1 surefire115014024718274608tmp surefire_07057920224559487934tmp"/>
    <property name="surefire.test.class.path" value="C:\Chetan\Software\Study Material\SpringBoot\LightningTalks\target\test-classes;C:\Chetan\Software\Study Material\SpringBoot\LightningTalks\target\classes;C:\Users\New User\.m2\repository\org\springframework\boot\spring-boot-starter-data-rest\2.1.9.RELEASE\spring-boot-starter-data-rest-2.1.9.RELEASE.jar;C:\Users\New User\.m2\repository\org\springframework\data\spring-data-rest-webmvc\3.1.11.RELEASE\spring-data-rest-webmvc-3.1.11.RELEASE.jar;C:\Users\New User\.m2\repository\org\springframework\data\spring-data-rest-core\3.1.11.RELEASE\spring-data-rest-core-3.1.11.RELEASE.jar;C:\Users\New User\.m2\repository\org\springframework\hateoas\spring-hateoas\0.25.2.RELEASE\spring-hateoas-0.25.2.RELEASE.jar;C:\Users\New User\.m2\repository\org\springframework\data\spring-data-commons\2.1.11.RELEASE\spring-data-commons-2.1.11.RELEASE.jar;C:\Users\New User\.m2\repository\org\springframework\plugin\spring-plugin-core\1.2.0.RELEASE\spring-plugin-core-1.2.0.RELEASE.jar;C:\Users\New User\.m2\repository\org\atteo\evo-inflector\1.2.2\evo-inflector-1.2.2.jar;C:\Users\New User\.m2\repository\com\fasterxml\jackson\core\jackson-databind\2.9.9.3\jackson-databind-2.9.9.3.jar;C:\Users\New User\.m2\repository\com\fasterxml\jackson\core\jackson-core\2.9.9\jackson-core-2.9.9.jar;C:\Users\New User\.m2\repository\com\fasterxml\jackson\core\jackson-annotations\2.9.0\jackson-annotations-2.9.0.jar;C:\Users\New User\.m2\repository\org\springframework\boot\spring-boot-starter-web\2.1.9.RELEASE\spring-boot-starter-web-2.1.9.RELEASE.jar;C:\Users\New User\.m2\repository\org\springframework\boot\spring-boot-starter\2.1.9.RELEASE\spring-boot-starter-2.1.9.RELEASE.jar;C:\Users\New User\.m2\repository\org\springframework\boot\spring-boot\2.1.9.RELEASE\spring-boot-2.1.9.RELEASE.jar;C:\Users\New User\.m2\repository\org\springframework\boot\spring-boot-autoconfigure\2.1.9.RELEASE\spring-boot-autoconfigure-2.1.9.RELEASE.jar;C:\Users\New User\.m2\repository\org\springframework\boot\spring-boot-starter-logging\2.1.9.RELEASE\spring-boot-starter-logging-2.1.9.RELEASE.jar;C:\Users\New User\.m2\repository\ch\qos\logback\logback-classic\1.2.3\logback-classic-1.2.3.jar;C:\Users\New User\.m2\repository\ch\qos\logback\logback-core\1.2.3\logback-core-1.2.3.jar;C:\Users\New User\.m2\repository\org\apache\logging\log4j\log4j-to-slf4j\2.11.2\log4j-to-slf4j-2.11.2.jar;C:\Users\New User\.m2\repository\org\apache\logging\log4j\log4j-api\2.11.2\log4j-api-2.11.2.jar;C:\Users\New User\.m2\repository\org\slf4j\jul-to-slf4j\1.7.28\jul-to-slf4j-1.7.28.jar;C:\Users\New User\.m2\repository\javax\annotation\javax.annotation-api\1.3.2\javax.annotation-api-1.3.2.jar;C:\Users\New User\.m2\repository\org\yaml\snakeyaml\1.23\snakeyaml-1.23.jar;C:\Users\New User\.m2\repository\org\springframework\boot\spring-boot-starter-json\2.1.9.RELEASE\spring-boot-starter-json-2.1.9.RELEASE.jar;C:\Users\New User\.m2\repository\com\fasterxml\jackson\datatype\jackson-datatype-jdk8\2.9.9\jackson-datatype-jdk8-2.9.9.jar;C:\Users\New User\.m2\repository\com\fasterxml\jackson\datatype\jackson-datatype-jsr310\2.9.9\jackson-datatype-jsr310-2.9.9.jar;C:\Users\New User\.m2\repository\com\fasterxml\jackson\module\jackson-module-parameter-names\2.9.9\jackson-module-parameter-names-2.9.9.jar;C:\Users\New User\.m2\repository\org\springframework\boot\spring-boot-starter-tomcat\2.1.9.RELEASE\spring-boot-starter-tomcat-2.1.9.RELEASE.jar;C:\Users\New User\.m2\repository\org\apache\tomcat\embed\tomcat-embed-core\9.0.26\tomcat-embed-core-9.0.26.jar;C:\Users\New User\.m2\repository\org\apache\tomcat\embed\tomcat-embed-el\9.0.26\tomcat-embed-el-9.0.26.jar;C:\Users\New User\.m2\repository\org\apache\tomcat\embed\tomcat-embed-websocket\9.0.26\tomcat-embed-websocket-9.0.26.jar;C:\Users\New User\.m2\repository\org\hibernate\validator\hibernate-validator\6.0.17.Final\hibernate-validator-6.0.17.Final.jar;C:\Users\New User\.m2\repository\javax\validation\validation-api\2.0.1.Final\validation-api-2.0.1.Final.jar;C:\Users\New User\.m2\repository\org\jboss\logging\jboss-logging\3.3.3.Final\jboss-logging-3.3.3.Final.jar;C:\Users\New User\.m2\repository\com\fasterxml\classmate\1.4.0\classmate-1.4.0.jar;C:\Users\New User\.m2\repository\org\springframework\spring-web\5.1.10.RELEASE\spring-web-5.1.10.RELEASE.jar;C:\Users\New User\.m2\repository\org\springframework\spring-beans\5.1.10.RELEASE\spring-beans-5.1.10.RELEASE.jar;C:\Users\New User\.m2\repository\org\springframework\spring-webmvc\5.1.10.RELEASE\spring-webmvc-5.1.10.RELEASE.jar;C:\Users\New User\.m2\repository\org\springframework\spring-aop\5.1.10.RELEASE\spring-aop-5.1.10.RELEASE.jar;C:\Users\New User\.m2\repository\org\springframework\spring-context\5.1.10.RELEASE\spring-context-5.1.10.RELEASE.jar;C:\Users\New User\.m2\repository\org\springframework\spring-expression\5.1.10.RELEASE\spring-expression-5.1.10.RELEASE.jar;C:\Users\New User\.m2\repository\mysql\mysql-connector-java\8.0.17\mysql-connector-java-8.0.17.jar;C:\Users\New User\.m2\repository\org\springframework\boot\spring-boot-starter-test\2.1.9.RELEASE\spring-boot-starter-test-2.1.9.RELEASE.jar;C:\Users\New User\.m2\repository\org\springframework\boot\spring-boot-test\2.1.9.RELEASE\spring-boot-test-2.1.9.RELEASE.jar;C:\Users\New User\.m2\repository\org\springframework\boot\spring-boot-test-autoconfigure\2.1.9.RELEASE\spring-boot-test-autoconfigure-2.1.9.RELEASE.jar;C:\Users\New User\.m2\repository\com\jayway\jsonpath\json-path\2.4.0\json-path-2.4.0.jar;C:\Users\New User\.m2\repository\net\minidev\json-smart\2.3\json-smart-2.3.jar;C:\Users\New User\.m2\repository\net\minidev\accessors-smart\1.2\accessors-smart-1.2.jar;C:\Users\New User\.m2\repository\org\ow2\asm\asm\5.0.4\asm-5.0.4.jar;C:\Users\New User\.m2\repository\junit\junit\4.12\junit-4.12.jar;C:\Users\New User\.m2\repository\org\assertj\assertj-core\3.11.1\assertj-core-3.11.1.jar;C:\Users\New User\.m2\repository\org\mockito\mockito-core\2.23.4\mockito-core-2.23.4.jar;C:\Users\New User\.m2\repository\net\bytebuddy\byte-buddy\1.9.16\byte-buddy-1.9.16.jar;C:\Users\New User\.m2\repository\net\bytebuddy\byte-buddy-agent\1.9.16\byte-buddy-agent-1.9.16.jar;C:\Users\New User\.m2\repository\org\objenesis\objenesis\2.6\objenesis-2.6.jar;C:\Users\New User\.m2\repository\org\hamcrest\hamcrest-core\1.3\hamcrest-core-1.3.jar;C:\Users\New User\.m2\repository\org\hamcrest\hamcrest-library\1.3\hamcrest-library-1.3.jar;C:\Users\New User\.m2\repository\org\skyscreamer\jsonassert\1.5.0\jsonassert-1.5.0.jar;C:\Users\New User\.m2\repository\com\vaadin\external\google\android-json\0.0.20131108.vaadin1\android-json-0.0.20131108.vaadin1.jar;C:\Users\New User\.m2\repository\org\springframework\spring-core\5.1.10.RELEASE\spring-core-5.1.10.RELEASE.jar;C:\Users\New User\.m2\repository\org\springframework\spring-jcl\5.1.10.RELEASE\spring-jcl-5.1.10.RELEASE.jar;C:\Users\New User\.m2\repository\org\springframework\spring-test\5.1.10.RELEASE\spring-test-5.1.10.RELEASE.jar;C:\Users\New User\.m2\repository\org\xmlunit\xmlunit-core\2.6.3\xmlunit-core-2.6.3.jar;C:\Users\New User\.m2\repository\org\hibernate\hibernate-core\3.6.10.Final\hibernate-core-3.6.10.Final.jar;C:\Users\New User\.m2\repository\antlr\antlr\2.7.7\antlr-2.7.7.jar;C:\Users\New User\.m2\repository\commons-collections\commons-collections\3.1\commons-collections-3.1.jar;C:\Users\New User\.m2\repository\dom4j\dom4j\1.6.1\dom4j-1.6.1.jar;C:\Users\New User\.m2\repository\org\hibernate\hibernate-commons-annotations\3.2.0.Final\hibernate-commons-annotations-3.2.0.Final.jar;C:\Users\New User\.m2\repository\org\hibernate\javax\persistence\hibernate-jpa-2.0-api\1.0.1.Final\hibernate-jpa-2.0-api-1.0.1.Final.jar;C:\Users\New User\.m2\repository\javax\transaction\jta\1.1\jta-1.1.jar;C:\Users\New User\.m2\repository\org\slf4j\slf4j-api\1.7.28\slf4j-api-1.7.28.jar;C:\Users\New User\.m2\repository\org\springframework\data\spring-data-jpa\1.0.0.RELEASE\spring-data-jpa-1.0.0.RELEASE.jar;C:\Users\New User\.m2\repository\org\springframework\data\spring-data-commons-core\1.1.0.RELEASE\spring-data-commons-core-1.1.0.RELEASE.jar;C:\Users\New User\.m2\repository\org\springframework\spring-tx\5.1.10.RELEASE\spring-tx-5.1.10.RELEASE.jar;C:\Users\New User\.m2\repository\org\springframework\spring-orm\5.1.10.RELEASE\spring-orm-5.1.10.RELEASE.jar;C:\Users\New User\.m2\repository\org\springframework\spring-jdbc\5.1.10.RELEASE\spring-jdbc-5.1.10.RELEASE.jar;C:\Users\New User\.m2\repository\org\slf4j\jcl-over-slf4j\1.7.28\jcl-over-slf4j-1.7.28.jar;C:\Users\New User\.m2\repository\org\aspectj\aspectjrt\1.9.4\aspectjrt-1.9.4.jar;"/>
    <property name="sun.cpu.endian" value="little"/>
    <property name="user.home" value="C:\Users\New User"/>
    <property name="user.language" value="en"/>
    <property name="java.specification.vendor" value="Oracle Corporation"/>
    <property name="java.home" value="C:\Program Files\Java\jdk1.8.0_221\jre"/>
    <property name="basedir" value="C:\Chetan\Software\Study Material\SpringBoot\LightningTalks"/>
    <property name="file.separator" value="\"/>
    <property name="line.separator" value="&#10;"/>
    <property name="java.vm.specification.vendor" value="Oracle Corporation"/>
    <property name="java.specification.name" value="Java Platform API Specification"/>
    <property name="java.awt.graphicsenv" value="sun.awt.Win32GraphicsEnvironment"/>
    <property name="surefire.real.class.path" value="C:\Users\NEWUSE~1\AppData\Local\Temp\surefire3063462554931814578\surefirebooter4041036233788337865.jar"/>
    <property name="sun.boot.class.path" value="C:\Program Files\Java\jdk1.8.0_221\jre\lib\resources.jar;C:\Program Files\Java\jdk1.8.0_221\jre\lib\rt.jar;C:\Program Files\Java\jdk1.8.0_221\jre\lib\sunrsasign.jar;C:\Program Files\Java\jdk1.8.0_221\jre\lib\jsse.jar;C:\Program Files\Java\jdk1.8.0_221\jre\lib\jce.jar;C:\Program Files\Java\jdk1.8.0_221\jre\lib\charsets.jar;C:\Program Files\Java\jdk1.8.0_221\jre\lib\jfr.jar;C:\Program Files\Java\jdk1.8.0_221\jre\classes"/>
    <property name="user.script" value=""/>
    <property name="sun.management.compiler" value="HotSpot 64-Bit Tiered Compilers"/>
    <property name="java.runtime.version" value="1.8.0_221-b11"/>
    <property name="user.name" value="New User"/>
    <property name="path.separator" value=";"/>
    <property name="os.version" value="10.0"/>
    <property name="java.endorsed.dirs" value="C:\Program Files\Java\jdk1.8.0_221\jre\lib\endorsed"/>
    <property name="java.runtime.name" value="Java(TM) SE Runtime Environment"/>
    <property name="file.encoding" value="Cp1252"/>
    <property name="java.vm.name" value="Java HotSpot(TM) 64-Bit Server VM"/>
    <property name="localRepository" value="C:\Users\New User\.m2\repository"/>
    <property name="java.vendor.url.bug" value="http://bugreport.sun.com/bugreport/"/>
    <property name="java.io.tmpdir" value="C:\Users\NEWUSE~1\AppData\Local\Temp\"/>
    <property name="java.version" value="1.8.0_221"/>
    <property name="user.dir" value="C:\Chetan\Software\Study Material\SpringBoot\LightningTalks"/>
    <property name="os.arch" value="amd64"/>
    <property name="java.vm.specification.name" value="Java Virtual Machine Specification"/>
    <property name="java.awt.printerjob" value="sun.awt.windows.WPrinterJob"/>
    <property name="sun.os.patch.level" value=""/>
    <property name="java.library.path" value="C:\Program Files\Java\jdk1.8.0_221\jre\bin;C:\WINDOWS\Sun\Java\bin;C:\WINDOWS\system32;C:\WINDOWS;C:/Program Files/Java/jre1.8.0_221/bin/server;C:/Program Files/Java/jre1.8.0_221/bin;C:/Program Files/Java/jre1.8.0_221/lib/amd64;C:\Program Files (x86)\Common Files\Oracle\Java\javapath;C:\ProgramData\DockerDesktop\version-bin;C:\Program Files\Docker\Docker\Resources\bin;C:\WINDOWS\system32;C:\WINDOWS;C:\WINDOWS\System32\Wbem;C:\WINDOWS\System32\WindowsPowerShell\v1.0\;C:\WINDOWS\System32\OpenSSH\;C:\Program Files\Git\cmd;C:\Users\New User\AppData\Local\Microsoft\WindowsApps;;C:\Users\New User\AppData\Local\Programs\Microsoft VS Code\bin;C:\Users\New User\Desktop;;."/>
    <property name="java.vm.info" value="mixed mode"/>
    <property name="java.vendor" value="Oracle Corporation"/>
    <property name="java.vm.version" value="25.221-b11"/>
    <property name="java.ext.dirs" value="C:\Program Files\Java\jdk1.8.0_221\jre\lib\ext;C:\WINDOWS\Sun\Java\lib\ext"/>
    <property name="sun.io.unicode.encoding" value="UnicodeLittle"/>
    <property name="java.class.version" value="52.0"/>
  </properties>
  <testcase name="contextLoads" classname="com.assignment.LightningTalks.LightningTalksApplicationTests" time="0.002">
    <error message="Failed to load ApplicationContext" type="java.lang.IllegalStateException">java.lang.IllegalStateException: Failed to load ApplicationContext
Caused by: org.springframework.beans.factory.UnsatisfiedDependencyException: Error creating bean with name 'topicController': Unsatisfied dependency expressed through field 'topicService'; nested exception is org.springframework.beans.factory.UnsatisfiedDependencyException: Error creating bean with name 'topicService': Unsatisfied dependency expressed through field 'topicRepository'; nested exception is org.springframework.beans.factory.NoSuchBeanDefinitionException: No qualifying bean of type 'com.assignment.LightningTalks.dao.TopicRepository' available: expected at least 1 bean which qualifies as autowire candidate. Dependency annotations: {@org.springframework.beans.factory.annotation.Autowired(required=true)}
Caused by: org.springframework.beans.factory.UnsatisfiedDependencyException: Error creating bean with name 'topicService': Unsatisfied dependency expressed through field 'topicRepository'; nested exception is org.springframework.beans.factory.NoSuchBeanDefinitionException: No qualifying bean of type 'com.assignment.LightningTalks.dao.TopicRepository' available: expected at least 1 bean which qualifies as autowire candidate. Dependency annotations: {@org.springframework.beans.factory.annotation.Autowired(required=true)}
Caused by: org.springframework.beans.factory.NoSuchBeanDefinitionException: No qualifying bean of type 'com.assignment.LightningTalks.dao.TopicRepository' available: expected at least 1 bean which qualifies as autowire candidate. Dependency annotations: {@org.springframework.beans.factory.annotation.Autowired(required=true)}
</error>
    <system-out><![CDATA[11:13:41.451 [main] DEBUG org.springframework.test.context.junit4.SpringJUnit4ClassRunner - SpringJUnit4ClassRunner constructor called with [class com.assignment.LightningTalks.LightningTalksApplicationTests]
11:13:41.472 [main] DEBUG org.springframework.test.context.BootstrapUtils - Instantiating CacheAwareContextLoaderDelegate from class [org.springframework.test.context.cache.DefaultCacheAwareContextLoaderDelegate]
11:13:41.500 [main] DEBUG org.springframework.test.context.BootstrapUtils - Instantiating BootstrapContext using constructor [public org.springframework.test.context.support.DefaultBootstrapContext(java.lang.Class,org.springframework.test.context.CacheAwareContextLoaderDelegate)]
11:13:41.559 [main] DEBUG org.springframework.test.context.BootstrapUtils - Instantiating TestContextBootstrapper for test class [com.assignment.LightningTalks.LightningTalksApplicationTests] from class [org.springframework.boot.test.context.SpringBootTestContextBootstrapper]
11:13:41.606 [main] INFO org.springframework.boot.test.context.SpringBootTestContextBootstrapper - Neither @ContextConfiguration nor @ContextHierarchy found for test class [com.assignment.LightningTalks.LightningTalksApplicationTests], using SpringBootContextLoader
11:13:41.617 [main] DEBUG org.springframework.test.context.support.AbstractContextLoader - Did not detect default resource location for test class [com.assignment.LightningTalks.LightningTalksApplicationTests]: class path resource [com/assignment/LightningTalks/LightningTalksApplicationTests-context.xml] does not exist
11:13:41.618 [main] DEBUG org.springframework.test.context.support.AbstractContextLoader - Did not detect default resource location for test class [com.assignment.LightningTalks.LightningTalksApplicationTests]: class path resource [com/assignment/LightningTalks/LightningTalksApplicationTestsContext.groovy] does not exist
11:13:41.619 [main] INFO org.springframework.test.context.support.AbstractContextLoader - Could not detect default resource locations for test class [com.assignment.LightningTalks.LightningTalksApplicationTests]: no resource found for suffixes {-context.xml, Context.groovy}.
11:13:41.621 [main] INFO org.springframework.test.context.support.AnnotationConfigContextLoaderUtils - Could not detect default configuration classes for test class [com.assignment.LightningTalks.LightningTalksApplicationTests]: LightningTalksApplicationTests does not declare any static, non-private, non-final, nested classes annotated with @Configuration.
11:13:41.778 [main] DEBUG org.springframework.test.context.support.ActiveProfilesUtils - Could not find an 'annotation declaring class' for annotation type [org.springframework.test.context.ActiveProfiles] and class [com.assignment.LightningTalks.LightningTalksApplicationTests]
11:13:41.998 [main] DEBUG org.springframework.context.annotation.ClassPathScanningCandidateComponentProvider - Identified candidate component class: file [C:\Chetan\Software\Study Material\SpringBoot\LightningTalks\target\classes\com\assignment\LightningTalks\LightningTalksApplication.class]
11:13:42.001 [main] INFO org.springframework.boot.test.context.SpringBootTestContextBootstrapper - Found @SpringBootConfiguration com.assignment.LightningTalks.LightningTalksApplication for test class com.assignment.LightningTalks.LightningTalksApplicationTests
11:13:42.255 [main] DEBUG org.springframework.boot.test.context.SpringBootTestContextBootstrapper - @TestExecutionListeners is not present for class [com.assignment.LightningTalks.LightningTalksApplicationTests]: using defaults.
11:13:42.258 [main] INFO org.springframework.boot.test.context.SpringBootTestContextBootstrapper - Loaded default TestExecutionListener class names from location [META-INF/spring.factories]: [org.springframework.boot.test.mock.mockito.MockitoTestExecutionListener, org.springframework.boot.test.mock.mockito.ResetMocksTestExecutionListener, org.springframework.boot.test.autoconfigure.restdocs.RestDocsTestExecutionListener, org.springframework.boot.test.autoconfigure.web.client.MockRestServiceServerResetTestExecutionListener, org.springframework.boot.test.autoconfigure.web.servlet.MockMvcPrintOnlyOnFailureTestExecutionListener, org.springframework.boot.test.autoconfigure.web.servlet.WebDriverTestExecutionListener, org.springframework.test.context.web.ServletTestExecutionListener, org.springframework.test.context.support.DirtiesContextBeforeModesTestExecutionListener, org.springframework.test.context.support.DependencyInjectionTestExecutionListener, org.springframework.test.context.support.DirtiesContextTestExecutionListener, org.springframework.test.context.transaction.TransactionalTestExecutionListener, org.springframework.test.context.jdbc.SqlScriptsTestExecutionListener]
11:13:42.298 [main] INFO org.springframework.boot.test.context.SpringBootTestContextBootstrapper - Using TestExecutionListeners: [org.springframework.test.context.web.ServletTestExecutionListener@223d2c72, org.springframework.test.context.support.DirtiesContextBeforeModesTestExecutionListener@8f4ea7c, org.springframework.boot.test.mock.mockito.MockitoTestExecutionListener@436813f3, org.springframework.boot.test.autoconfigure.SpringBootDependencyInjectionTestExecutionListener@74fe5c40, org.springframework.test.context.support.DirtiesContextTestExecutionListener@3febb011, org.springframework.test.context.transaction.TransactionalTestExecutionListener@10e31a9a, org.springframework.test.context.jdbc.SqlScriptsTestExecutionListener@131774fe, org.springframework.boot.test.mock.mockito.ResetMocksTestExecutionListener@158d2680, org.springframework.boot.test.autoconfigure.restdocs.RestDocsTestExecutionListener@77847718, org.springframework.boot.test.autoconfigure.web.client.MockRestServiceServerResetTestExecutionListener@7f3b84b8, org.springframework.boot.test.autoconfigure.web.servlet.MockMvcPrintOnlyOnFailureTestExecutionListener@57a3af25, org.springframework.boot.test.autoconfigure.web.servlet.WebDriverTestExecutionListener@2b662a77]
11:13:42.330 [main] DEBUG org.springframework.test.annotation.ProfileValueUtils - Retrieved @ProfileValueSourceConfiguration [null] for test class [com.assignment.LightningTalks.LightningTalksApplicationTests]
11:13:42.331 [main] DEBUG org.springframework.test.annotation.ProfileValueUtils - Retrieved ProfileValueSource type [class org.springframework.test.annotation.SystemProfileValueSource] for class [com.assignment.LightningTalks.LightningTalksApplicationTests]
11:13:42.334 [main] DEBUG org.springframework.test.annotation.ProfileValueUtils - Retrieved @ProfileValueSourceConfiguration [null] for test class [com.assignment.LightningTalks.LightningTalksApplicationTests]
11:13:42.334 [main] DEBUG org.springframework.test.annotation.ProfileValueUtils - Retrieved ProfileValueSource type [class org.springframework.test.annotation.SystemProfileValueSource] for class [com.assignment.LightningTalks.LightningTalksApplicationTests]
11:13:42.335 [main] DEBUG org.springframework.test.annotation.ProfileValueUtils - Retrieved @ProfileValueSourceConfiguration [null] for test class [com.assignment.LightningTalks.LightningTalksApplicationTests]
11:13:42.336 [main] DEBUG org.springframework.test.annotation.ProfileValueUtils - Retrieved ProfileValueSource type [class org.springframework.test.annotation.SystemProfileValueSource] for class [com.assignment.LightningTalks.LightningTalksApplicationTests]
11:13:42.345 [main] DEBUG org.springframework.test.context.support.AbstractDirtiesContextTestExecutionListener - Before test class: context [DefaultTestContext@38d8f54a testClass = LightningTalksApplicationTests, testInstance = [null], testMethod = [null], testException = [null], mergedContextConfiguration = [WebMergedContextConfiguration@49e53c76 testClass = LightningTalksApplicationTests, locations = '{}', classes = '{class com.assignment.LightningTalks.LightningTalksApplication}', contextInitializerClasses = '[]', activeProfiles = '{}', propertySourceLocations = '{}', propertySourceProperties = '{org.springframework.boot.test.context.SpringBootTestContextBootstrapper=true}', contextCustomizers = set[org.springframework.boot.test.context.filter.ExcludeFilterContextCustomizer@13c27452, org.springframework.boot.test.json.DuplicateJsonObjectContextCustomizerFactory$DuplicateJsonObjectContextCustomizer@5ed828d, org.springframework.boot.test.mock.mockito.MockitoContextCustomizer@0, org.springframework.boot.test.web.client.TestRestTemplateContextCustomizer@2db7a79b, org.springframework.boot.test.autoconfigure.properties.PropertyMappingContextCustomizer@0, org.springframework.boot.test.autoconfigure.web.servlet.WebDriverContextCustomizerFactory$Customizer@c81cdd1], resourceBasePath = 'src/main/webapp', contextLoader = 'org.springframework.boot.test.context.SpringBootContextLoader', parent = [null]], attributes = map['org.springframework.test.context.web.ServletTestExecutionListener.activateListener' -> true]], class annotated with @DirtiesContext [false] with mode [null].
11:13:42.346 [main] DEBUG org.springframework.test.annotation.ProfileValueUtils - Retrieved @ProfileValueSourceConfiguration [null] for test class [com.assignment.LightningTalks.LightningTalksApplicationTests]
11:13:42.346 [main] DEBUG org.springframework.test.annotation.ProfileValueUtils - Retrieved ProfileValueSource type [class org.springframework.test.annotation.SystemProfileValueSource] for class [com.assignment.LightningTalks.LightningTalksApplicationTests]
11:13:42.396 [main] DEBUG org.springframework.test.context.support.TestPropertySourceUtils - Adding inlined properties to environment: {spring.jmx.enabled=false, org.springframework.boot.test.context.SpringBootTestContextBootstrapper=true, server.port=-1}

  .   ____          _            __ _ _
 /\\ / ___'_ __ _ _(_)_ __  __ _ \ \ \ \
( ( )\___ | '_ | '_| | '_ \/ _` | \ \ \ \
 \\/  ___)| |_)| | | | | || (_| |  ) ) ) )
  '  |____| .__|_| |_|_| |_\__, | / / / /
 =========|_|==============|___/=/_/_/_/
 :: Spring Boot ::        (v2.1.9.RELEASE)

2019-10-06 11:13:43.090  INFO 12316 --- [           main] c.a.L.LightningTalksApplicationTests     : Starting LightningTalksApplicationTests on DESKTOP-O0S7NJ9 with PID 12316 (started by New User in C:\Chetan\Software\Study Material\SpringBoot\LightningTalks)
2019-10-06 11:13:43.093  INFO 12316 --- [           main] c.a.L.LightningTalksApplicationTests     : No active profile set, falling back to default profiles: default
2019-10-06 11:13:45.331  INFO 12316 --- [           main] trationDelegate$BeanPostProcessorChecker : Bean 'org.springframework.hateoas.config.HateoasConfiguration' of type [org.springframework.hateoas.config.HateoasConfiguration$$EnhancerBySpringCGLIB$$6bdd9d78] is not eligible for getting processed by all BeanPostProcessors (for example: not eligible for auto-proxying)
2019-10-06 11:13:45.406  WARN 12316 --- [           main] o.s.w.c.s.GenericWebApplicationContext   : Exception encountered during context initialization - cancelling refresh attempt: org.springframework.beans.factory.UnsatisfiedDependencyException: Error creating bean with name 'topicController': Unsatisfied dependency expressed through field 'topicService'; nested exception is org.springframework.beans.factory.UnsatisfiedDependencyException: Error creating bean with name 'topicService': Unsatisfied dependency expressed through field 'topicRepository'; nested exception is org.springframework.beans.factory.NoSuchBeanDefinitionException: No qualifying bean of type 'com.assignment.LightningTalks.dao.TopicRepository' available: expected at least 1 bean which qualifies as autowire candidate. Dependency annotations: {@org.springframework.beans.factory.annotation.Autowired(required=true)}
2019-10-06 11:13:45.427  INFO 12316 --- [           main] ConditionEvaluationReportLoggingListener : 

Error starting ApplicationContext. To display the conditions report re-run your application with 'debug' enabled.
2019-10-06 11:13:45.659 ERROR 12316 --- [           main] o.s.b.d.LoggingFailureAnalysisReporter   : 

***************************
APPLICATION FAILED TO START
***************************

Description:

Field topicRepository in com.assignment.LightningTalks.service.TopicService required a bean of type 'com.assignment.LightningTalks.dao.TopicRepository' that could not be found.

The injection point has the following annotations:
	- @org.springframework.beans.factory.annotation.Autowired(required=true)


Action:

Consider defining a bean of type 'com.assignment.LightningTalks.dao.TopicRepository' in your configuration.

2019-10-06 11:13:45.672 ERROR 12316 --- [           main] o.s.test.context.TestContextManager      : Caught exception while allowing TestExecutionListener [org.springframework.test.context.web.ServletTestExecutionListener@223d2c72] to prepare test instance [com.assignment.LightningTalks.LightningTalksApplicationTests@4c2869a9]

java.lang.IllegalStateException: Failed to load ApplicationContext
	at org.springframework.test.context.cache.DefaultCacheAwareContextLoaderDelegate.loadContext(DefaultCacheAwareContextLoaderDelegate.java:125) ~[spring-test-5.1.10.RELEASE.jar:5.1.10.RELEASE]
	at org.springframework.test.context.support.DefaultTestContext.getApplicationContext(DefaultTestContext.java:108) ~[spring-test-5.1.10.RELEASE.jar:5.1.10.RELEASE]
	at org.springframework.test.context.web.ServletTestExecutionListener.setUpRequestContextIfNecessary(ServletTestExecutionListener.java:190) ~[spring-test-5.1.10.RELEASE.jar:5.1.10.RELEASE]
	at org.springframework.test.context.web.ServletTestExecutionListener.prepareTestInstance(ServletTestExecutionListener.java:132) ~[spring-test-5.1.10.RELEASE.jar:5.1.10.RELEASE]
	at org.springframework.test.context.TestContextManager.prepareTestInstance(TestContextManager.java:246) ~[spring-test-5.1.10.RELEASE.jar:5.1.10.RELEASE]
	at org.springframework.test.context.junit4.SpringJUnit4ClassRunner.createTest(SpringJUnit4ClassRunner.java:227) [spring-test-5.1.10.RELEASE.jar:5.1.10.RELEASE]
	at org.springframework.test.context.junit4.SpringJUnit4ClassRunner$1.runReflectiveCall(SpringJUnit4ClassRunner.java:289) [spring-test-5.1.10.RELEASE.jar:5.1.10.RELEASE]
	at org.junit.internal.runners.model.ReflectiveCallable.run(ReflectiveCallable.java:12) [junit-4.12.jar:4.12]
	at org.springframework.test.context.junit4.SpringJUnit4ClassRunner.methodBlock(SpringJUnit4ClassRunner.java:291) [spring-test-5.1.10.RELEASE.jar:5.1.10.RELEASE]
	at org.springframework.test.context.junit4.SpringJUnit4ClassRunner.runChild(SpringJUnit4ClassRunner.java:246) [spring-test-5.1.10.RELEASE.jar:5.1.10.RELEASE]
	at org.springframework.test.context.junit4.SpringJUnit4ClassRunner.runChild(SpringJUnit4ClassRunner.java:97) [spring-test-5.1.10.RELEASE.jar:5.1.10.RELEASE]
	at org.junit.runners.ParentRunner$3.run(ParentRunner.java:290) [junit-4.12.jar:4.12]
	at org.junit.runners.ParentRunner$1.schedule(ParentRunner.java:71) [junit-4.12.jar:4.12]
	at org.junit.runners.ParentRunner.runChildren(ParentRunner.java:288) [junit-4.12.jar:4.12]
	at org.junit.runners.ParentRunner.access$000(ParentRunner.java:58) [junit-4.12.jar:4.12]
	at org.junit.runners.ParentRunner$2.evaluate(ParentRunner.java:268) [junit-4.12.jar:4.12]
	at org.springframework.test.context.junit4.statements.RunBeforeTestClassCallbacks.evaluate(RunBeforeTestClassCallbacks.java:61) [spring-test-5.1.10.RELEASE.jar:5.1.10.RELEASE]
	at org.springframework.test.context.junit4.statements.RunAfterTestClassCallbacks.evaluate(RunAfterTestClassCallbacks.java:70) [spring-test-5.1.10.RELEASE.jar:5.1.10.RELEASE]
	at org.junit.runners.ParentRunner.run(ParentRunner.java:363) [junit-4.12.jar:4.12]
	at org.springframework.test.context.junit4.SpringJUnit4ClassRunner.run(SpringJUnit4ClassRunner.java:190) [spring-test-5.1.10.RELEASE.jar:5.1.10.RELEASE]
	at org.apache.maven.surefire.junit4.JUnit4Provider.execute(JUnit4Provider.java:365) [surefire-junit4-2.22.2.jar:2.22.2]
	at org.apache.maven.surefire.junit4.JUnit4Provider.executeWithRerun(JUnit4Provider.java:273) [surefire-junit4-2.22.2.jar:2.22.2]
	at org.apache.maven.surefire.junit4.JUnit4Provider.executeTestSet(JUnit4Provider.java:238) [surefire-junit4-2.22.2.jar:2.22.2]
	at org.apache.maven.surefire.junit4.JUnit4Provider.invoke(JUnit4Provider.java:159) [surefire-junit4-2.22.2.jar:2.22.2]
	at org.apache.maven.surefire.booter.ForkedBooter.invokeProviderInSameClassLoader(ForkedBooter.java:384) [surefire-booter-2.22.2.jar:2.22.2]
	at org.apache.maven.surefire.booter.ForkedBooter.runSuitesInProcess(ForkedBooter.java:345) [surefire-booter-2.22.2.jar:2.22.2]
	at org.apache.maven.surefire.booter.ForkedBooter.execute(ForkedBooter.java:126) [surefire-booter-2.22.2.jar:2.22.2]
	at org.apache.maven.surefire.booter.ForkedBooter.main(ForkedBooter.java:418) [surefire-booter-2.22.2.jar:2.22.2]
Caused by: org.springframework.beans.factory.UnsatisfiedDependencyException: Error creating bean with name 'topicController': Unsatisfied dependency expressed through field 'topicService'; nested exception is org.springframework.beans.factory.UnsatisfiedDependencyException: Error creating bean with name 'topicService': Unsatisfied dependency expressed through field 'topicRepository'; nested exception is org.springframework.beans.factory.NoSuchBeanDefinitionException: No qualifying bean of type 'com.assignment.LightningTalks.dao.TopicRepository' available: expected at least 1 bean which qualifies as autowire candidate. Dependency annotations: {@org.springframework.beans.factory.annotation.Autowired(required=true)}
	at org.springframework.beans.factory.annotation.AutowiredAnnotationBeanPostProcessor$AutowiredFieldElement.inject(AutowiredAnnotationBeanPostProcessor.java:598) ~[spring-beans-5.1.10.RELEASE.jar:5.1.10.RELEASE]
	at org.springframework.beans.factory.annotation.InjectionMetadata.inject(InjectionMetadata.java:90) ~[spring-beans-5.1.10.RELEASE.jar:5.1.10.RELEASE]
	at org.springframework.beans.factory.annotation.AutowiredAnnotationBeanPostProcessor.postProcessProperties(AutowiredAnnotationBeanPostProcessor.java:376) ~[spring-beans-5.1.10.RELEASE.jar:5.1.10.RELEASE]
	at org.springframework.beans.factory.support.AbstractAutowireCapableBeanFactory.populateBean(AbstractAutowireCapableBeanFactory.java:1411) ~[spring-beans-5.1.10.RELEASE.jar:5.1.10.RELEASE]
	at org.springframework.beans.factory.support.AbstractAutowireCapableBeanFactory.doCreateBean(AbstractAutowireCapableBeanFactory.java:592) ~[spring-beans-5.1.10.RELEASE.jar:5.1.10.RELEASE]
	at org.springframework.beans.factory.support.AbstractAutowireCapableBeanFactory.createBean(AbstractAutowireCapableBeanFactory.java:515) ~[spring-beans-5.1.10.RELEASE.jar:5.1.10.RELEASE]
	at org.springframework.beans.factory.support.AbstractBeanFactory.lambda$doGetBean$0(AbstractBeanFactory.java:320) ~[spring-beans-5.1.10.RELEASE.jar:5.1.10.RELEASE]
	at org.springframework.beans.factory.support.DefaultSingletonBeanRegistry.getSingleton(DefaultSingletonBeanRegistry.java:222) ~[spring-beans-5.1.10.RELEASE.jar:5.1.10.RELEASE]
	at org.springframework.beans.factory.support.AbstractBeanFactory.doGetBean(AbstractBeanFactory.java:318) ~[spring-beans-5.1.10.RELEASE.jar:5.1.10.RELEASE]
	at org.springframework.beans.factory.support.AbstractBeanFactory.getBean(AbstractBeanFactory.java:199) ~[spring-beans-5.1.10.RELEASE.jar:5.1.10.RELEASE]
	at org.springframework.beans.factory.support.DefaultListableBeanFactory.preInstantiateSingletons(DefaultListableBeanFactory.java:847) ~[spring-beans-5.1.10.RELEASE.jar:5.1.10.RELEASE]
	at org.springframework.context.support.AbstractApplicationContext.finishBeanFactoryInitialization(AbstractApplicationContext.java:877) ~[spring-context-5.1.10.RELEASE.jar:5.1.10.RELEASE]
	at org.springframework.context.support.AbstractApplicationContext.refresh(AbstractApplicationContext.java:549) ~[spring-context-5.1.10.RELEASE.jar:5.1.10.RELEASE]
	at org.springframework.boot.SpringApplication.refresh(SpringApplication.java:744) ~[spring-boot-2.1.9.RELEASE.jar:2.1.9.RELEASE]
	at org.springframework.boot.SpringApplication.refreshContext(SpringApplication.java:391) ~[spring-boot-2.1.9.RELEASE.jar:2.1.9.RELEASE]
	at org.springframework.boot.SpringApplication.run(SpringApplication.java:312) ~[spring-boot-2.1.9.RELEASE.jar:2.1.9.RELEASE]
	at org.springframework.boot.test.context.SpringBootContextLoader.loadContext(SpringBootContextLoader.java:120) ~[spring-boot-test-2.1.9.RELEASE.jar:2.1.9.RELEASE]
	at org.springframework.test.context.cache.DefaultCacheAwareContextLoaderDelegate.loadContextInternal(DefaultCacheAwareContextLoaderDelegate.java:99) ~[spring-test-5.1.10.RELEASE.jar:5.1.10.RELEASE]
	at org.springframework.test.context.cache.DefaultCacheAwareContextLoaderDelegate.loadContext(DefaultCacheAwareContextLoaderDelegate.java:117) ~[spring-test-5.1.10.RELEASE.jar:5.1.10.RELEASE]
	... 27 common frames omitted
Caused by: org.springframework.beans.factory.UnsatisfiedDependencyException: Error creating bean with name 'topicService': Unsatisfied dependency expressed through field 'topicRepository'; nested exception is org.springframework.beans.factory.NoSuchBeanDefinitionException: No qualifying bean of type 'com.assignment.LightningTalks.dao.TopicRepository' available: expected at least 1 bean which qualifies as autowire candidate. Dependency annotations: {@org.springframework.beans.factory.annotation.Autowired(required=true)}
	at org.springframework.beans.factory.annotation.AutowiredAnnotationBeanPostProcessor$AutowiredFieldElement.inject(AutowiredAnnotationBeanPostProcessor.java:598) ~[spring-beans-5.1.10.RELEASE.jar:5.1.10.RELEASE]
	at org.springframework.beans.factory.annotation.InjectionMetadata.inject(InjectionMetadata.java:90) ~[spring-beans-5.1.10.RELEASE.jar:5.1.10.RELEASE]
	at org.springframework.beans.factory.annotation.AutowiredAnnotationBeanPostProcessor.postProcessProperties(AutowiredAnnotationBeanPostProcessor.java:376) ~[spring-beans-5.1.10.RELEASE.jar:5.1.10.RELEASE]
	at org.springframework.beans.factory.support.AbstractAutowireCapableBeanFactory.populateBean(AbstractAutowireCapableBeanFactory.java:1411) ~[spring-beans-5.1.10.RELEASE.jar:5.1.10.RELEASE]
	at org.springframework.beans.factory.support.AbstractAutowireCapableBeanFactory.doCreateBean(AbstractAutowireCapableBeanFactory.java:592) ~[spring-beans-5.1.10.RELEASE.jar:5.1.10.RELEASE]
	at org.springframework.beans.factory.support.AbstractAutowireCapableBeanFactory.createBean(AbstractAutowireCapableBeanFactory.java:515) ~[spring-beans-5.1.10.RELEASE.jar:5.1.10.RELEASE]
	at org.springframework.beans.factory.support.AbstractBeanFactory.lambda$doGetBean$0(AbstractBeanFactory.java:320) ~[spring-beans-5.1.10.RELEASE.jar:5.1.10.RELEASE]
	at org.springframework.beans.factory.support.DefaultSingletonBeanRegistry.getSingleton(DefaultSingletonBeanRegistry.java:222) ~[spring-beans-5.1.10.RELEASE.jar:5.1.10.RELEASE]
	at org.springframework.beans.factory.support.AbstractBeanFactory.doGetBean(AbstractBeanFactory.java:318) ~[spring-beans-5.1.10.RELEASE.jar:5.1.10.RELEASE]
	at org.springframework.beans.factory.support.AbstractBeanFactory.getBean(AbstractBeanFactory.java:199) ~[spring-beans-5.1.10.RELEASE.jar:5.1.10.RELEASE]
	at org.springframework.beans.factory.config.DependencyDescriptor.resolveCandidate(DependencyDescriptor.java:277) ~[spring-beans-5.1.10.RELEASE.jar:5.1.10.RELEASE]
	at org.springframework.beans.factory.support.DefaultListableBeanFactory.doResolveDependency(DefaultListableBeanFactory.java:1255) ~[spring-beans-5.1.10.RELEASE.jar:5.1.10.RELEASE]
	at org.springframework.beans.factory.support.DefaultListableBeanFactory.resolveDependency(DefaultListableBeanFactory.java:1175) ~[spring-beans-5.1.10.RELEASE.jar:5.1.10.RELEASE]
	at org.springframework.beans.factory.annotation.AutowiredAnnotationBeanPostProcessor$AutowiredFieldElement.inject(AutowiredAnnotationBeanPostProcessor.java:595) ~[spring-beans-5.1.10.RELEASE.jar:5.1.10.RELEASE]
	... 45 common frames omitted
Caused by: org.springframework.beans.factory.NoSuchBeanDefinitionException: No qualifying bean of type 'com.assignment.LightningTalks.dao.TopicRepository' available: expected at least 1 bean which qualifies as autowire candidate. Dependency annotations: {@org.springframework.beans.factory.annotation.Autowired(required=true)}
	at org.springframework.beans.factory.support.DefaultListableBeanFactory.raiseNoMatchingBeanFound(DefaultListableBeanFactory.java:1662) ~[spring-beans-5.1.10.RELEASE.jar:5.1.10.RELEASE]
	at org.springframework.beans.factory.support.DefaultListableBeanFactory.doResolveDependency(DefaultListableBeanFactory.java:1221) ~[spring-beans-5.1.10.RELEASE.jar:5.1.10.RELEASE]
	at org.springframework.beans.factory.support.DefaultListableBeanFactory.resolveDependency(DefaultListableBeanFactory.java:1175) ~[spring-beans-5.1.10.RELEASE.jar:5.1.10.RELEASE]
	at org.springframework.beans.factory.annotation.AutowiredAnnotationBeanPostProcessor$AutowiredFieldElement.inject(AutowiredAnnotationBeanPostProcessor.java:595) ~[spring-beans-5.1.10.RELEASE.jar:5.1.10.RELEASE]
	... 58 common frames omitted

]]></system-out>
  </testcase>
</testsuite>